Build started 01.06.2015 17:12:58.
     1>Project "e:\Egor\Учеба\Tests\GitHub\CIBSoftware\converter_rtf_to_txt-html\converter_RTF_to TXT_HTML\converter_RTF_to TXT_HTML\converter_RTF_to TXT_HTML.vcxproj" on node 2 (Build target(s)).
     1>ClCompile:
         C:\Program Files (x86)\Microsoft Visual Studio 12.0\VC\bin\CL.exe /c /ZI /nologo /W3 /WX- /sdl /Od /Oy- /D WIN32 /D _DEBUG /D _CONSOLE /D _LIB /D _UNICODE /D UNICODE /Gm /EHsc /RTC1 /MDd /GS /fp:precise /Zc:wchar_t /Zc:forScope /Fo"Debug\\" /Fd"Debug\vc120.pdb" /Gd /TP /analyze- /errorReport:prompt ..\CBaseConverter.cpp ..\Converter.cpp ..\CRtfToHtmlConverter.cpp ..\CRtfToTxtConverter.cpp ..\stdafx.cpp ..\tstring.cpp
         tstring.cpp
         stdafx.cpp
         CRtfToTxtConverter.cpp
         CRtfToHtmlConverter.cpp
         Converter.cpp
         CBaseConverter.cpp
         Generating Code...
       Link:
         C:\Program Files (x86)\Microsoft Visual Studio 12.0\VC\bin\link.exe /ERRORREPORT:PROMPT /OUT:"E:\Egor\Учеба\Tests\GitHub\CIBSoftware\converter_rtf_to_txt-html\converter_RTF_to TXT_HTML\Debug\converter_RTF_to TXT_HTML.exe" /INCREMENTAL /NOLOGO kernel32.lib user32.lib gdi32.lib winspool.lib comdlg32.lib advapi32.lib shell32.lib ole32.lib oleaut32.lib uuid.lib odbc32.lib odbccp32.lib /MANIFEST /MANIFESTUAC:"level='asInvoker' uiAccess='false'" /manifest:embed /DEBUG /PDB:"E:\Egor\Учеба\Tests\GitHub\CIBSoftware\converter_rtf_to_txt-html\converter_RTF_to TXT_HTML\Debug\converter_RTF_to TXT_HTML.pdb" /SUBSYSTEM:CONSOLE /TLBID:1 /DYNAMICBASE /NXCOMPAT /IMPLIB:"E:\Egor\Учеба\Tests\GitHub\CIBSoftware\converter_rtf_to_txt-html\converter_RTF_to TXT_HTML\Debug\converter_RTF_to TXT_HTML.lib" /MACHINE:X86 Debug\CBaseConverter.obj
         Debug\Converter.obj
         Debug\CRtfToHtmlConverter.obj
         Debug\CRtfToTxtConverter.obj
         Debug\stdafx.obj
         Debug\tstring.obj
         converter_RTF_to TXT_HTML.vcxproj -> E:\Egor\Учеба\Tests\GitHub\CIBSoftware\converter_rtf_to_txt-html\converter_RTF_to TXT_HTML\Debug\converter_RTF_to TXT_HTML.exe
     1>Done Building Project "e:\Egor\Учеба\Tests\GitHub\CIBSoftware\converter_rtf_to_txt-html\converter_RTF_to TXT_HTML\converter_RTF_to TXT_HTML\converter_RTF_to TXT_HTML.vcxproj" (Build target(s)).

Build succeeded.

Time Elapsed 00:00:06.24
